This file contains any messages produced by compilers while
running configure, to aid debugging if configure makes a mistake.

It was created by gsl configure 1.11, which was
generated by GNU Autoconf 2.61.  Invocation command line was

  $ ./configure 

## --------- ##
## Platform. ##
## --------- ##

hostname = hya
uname -m = x86_64
uname -r = 6.8.0-49-generic
uname -s = Linux
uname -v = #49~22.04.1-Ubuntu SMP PREEMPT_DYNAMIC Wed Nov  6 17:42:15 UTC 2

/usr/bin/uname -p = x86_64
/bin/uname -X     = unknown

/bin/arch              = x86_64
/usr/bin/arch -k       = unknown
/usr/convex/getsysinfo = unknown
/usr/bin/hostinfo      = unknown
/bin/machine           = unknown
/usr/bin/oslevel       = unknown
/bin/universe          = unknown

PATH: /home/hya/workspace/emsdk/upstream/emscripten/system/bin
PATH: /home/hya/workspace/emsdk
PATH: /home/hya/workspace/emsdk/upstream/emscripten
PATH: /home/hya/.cursor-server/cli/servers/Stable-fe574d0820377383143b2ea26aa6ae28b3425220/server/bin/remote-cli
PATH: /home/hya/.local/bin
PATH: /home/hya/.nvm/versions/node/v14.21.3/bin
PATH: /usr/local/sbin
PATH: /usr/local/bin
PATH: /usr/sbin
PATH: /usr/bin
PATH: /sbin
PATH: /bin
PATH: /usr/games
PATH: /usr/local/games
PATH: /snap/bin


## ----------- ##
## Core tests. ##
## ----------- ##

configure:1975: checking for a BSD-compatible install
configure:2031: result: /usr/bin/install -c
configure:2042: checking whether build environment is sane
configure:2085: result: yes
configure:2113: checking for a thread-safe mkdir -p
configure:2152: result: /usr/bin/mkdir -p
configure:2165: checking for gawk
configure:2195: result: no
configure:2165: checking for mawk
configure:2181: found /usr/bin/mawk
configure:2192: result: mawk
configure:2203: checking whether make sets $(MAKE)
configure:2224: result: yes
configure:2414: checking whether to enable maintainer-specific portions of Makefiles
configure:2423: result: no
configure:2463: checking whether make sets $(MAKE)
configure:2484: result: yes
configure:2500: checking build system type
configure:2518: result: x86_64-pc-linux-gnu
configure:2540: checking host system type
configure:2555: result: x86_64-pc-linux-gnu
configure:2632: checking for gcc
configure:2659: result: /home/hya/workspace/emsdk/upstream/emscripten/emcc
configure:2897: checking for C compiler version
configure:2904: /home/hya/workspace/emsdk/upstream/emscripten/emcc --version >&5
emcc (Emscripten gcc/clang-like replacement) 1.40.1 (77d7739b50a765c8208c5e6105ef58b6e21ed163)
Copyright (C) 2014 the Emscripten authors (see AUTHORS.txt)
This is free and open source software under the MIT license.
There is NO warranty; not even for MERCHANTABILITY or FITNESS FOR A PARTICULAR PURPOSE.
  
configure:2907: $? = 0
configure:2914: /home/hya/workspace/emsdk/upstream/emscripten/emcc -v >&5
emcc (Emscripten gcc/clang-like replacement + linker emulating GNU ld) 1.40.1
clang version 12.0.0 (/b/s/w/ir/cache/git/chromium.googlesource.com-external-github.com-llvm-llvm--project 9f21947a331203ee2579db87f1d1ec22a949e20a)
Target: x86_64-unknown-linux-gnu
Thread model: posix
InstalledDir: /home/hya/workspace/emsdk/upstream/bin
Found candidate GCC installation: /usr/lib/gcc/x86_64-linux-gnu/11
Selected GCC installation: /usr/lib/gcc/x86_64-linux-gnu/11
Candidate multilib: .;@m64
Candidate multilib: 32;@m32
Candidate multilib: x32;@mx32
Selected multilib: .;@m64
shared:INFO: (Emscripten: Running sanity checks)
configure:2917: $? = 0
configure:2924: /home/hya/workspace/emsdk/upstream/emscripten/emcc -V >&5
emcc: error: no input files
configure:2927: $? = 1
configure:2950: checking for C compiler default output file name
configure:2977: /home/hya/workspace/emsdk/upstream/emscripten/emcc    conftest.c  >&5
configure:2980: $? = 0
configure:3018: result: a.out
configure:3035: checking whether the C compiler works
configure:3045: ./a.out
configure:3048: $? = 0
configure:3065: result: yes
configure:3072: checking whether we are cross compiling
configure:3074: result: no
configure:3077: checking for suffix of executables
configure:3084: /home/hya/workspace/emsdk/upstream/emscripten/emcc -o conftest    conftest.c  >&5
configure:3087: $? = 0
configure:3111: result: 
configure:3117: checking for suffix of object files
configure:3143: /home/hya/workspace/emsdk/upstream/emscripten/emcc -c   conftest.c >&5
configure:3146: $? = 0
configure:3169: result: o
configure:3173: checking whether we are using the GNU C compiler
configure:3202: /home/hya/workspace/emsdk/upstream/emscripten/emcc -c   conftest.c >&5
configure:3208: $? = 0
configure:3225: result: yes
configure:3230: checking whether /home/hya/workspace/emsdk/upstream/emscripten/emcc accepts -g
configure:3260: /home/hya/workspace/emsdk/upstream/emscripten/emcc -c -g  conftest.c >&5
configure:3266: $? = 0
configure:3365: result: yes
configure:3382: checking for /home/hya/workspace/emsdk/upstream/emscripten/emcc option to accept ISO C89
configure:3456: /home/hya/workspace/emsdk/upstream/emscripten/emcc  -c -g -O2  conftest.c >&5
configure:3462: $? = 0
configure:3485: result: none needed
configure:3508: checking how to run the C preprocessor
configure:3548: /home/hya/workspace/emsdk/upstream/emscripten/emcc -E  conftest.c
configure:3554: $? = 0
configure:3585: /home/hya/workspace/emsdk/upstream/emscripten/emcc -E  conftest.c
conftest.c:11:10: fatal error: 'ac_nonexistent.h' file not found
#include <ac_nonexistent.h>
         ^~~~~~~~~~~~~~~~~~
1 error generated.
configure:3591: $? = 1
configure: failed program was:
| /* confdefs.h.  */
| #define PACKAGE_NAME "gsl"
| #define PACKAGE_TARNAME "gsl"
| #define PACKAGE_VERSION "1.11"
| #define PACKAGE_STRING "gsl 1.11"
| #define PACKAGE_BUGREPORT ""
| #define PACKAGE "gsl"
| #define VERSION "1.11"
| #define RELEASED
| /* end confdefs.h.  */
| #include <ac_nonexistent.h>
configure:3624: result: /home/hya/workspace/emsdk/upstream/emscripten/emcc -E
configure:3653: /home/hya/workspace/emsdk/upstream/emscripten/emcc -E  conftest.c
configure:3659: $? = 0
configure:3690: /home/hya/workspace/emsdk/upstream/emscripten/emcc -E  conftest.c
conftest.c:11:10: fatal error: 'ac_nonexistent.h' file not found
#include <ac_nonexistent.h>
         ^~~~~~~~~~~~~~~~~~
1 error generated.
configure:3696: $? = 1
configure: failed program was:
| /* confdefs.h.  */
| #define PACKAGE_NAME "gsl"
| #define PACKAGE_TARNAME "gsl"
| #define PACKAGE_VERSION "1.11"
| #define PACKAGE_STRING "gsl 1.11"
| #define PACKAGE_BUGREPORT ""
| #define PACKAGE "gsl"
| #define VERSION "1.11"
| #define RELEASED
| /* end confdefs.h.  */
| #include <ac_nonexistent.h>
configure:3746: checking for a BSD-compatible install
configure:3802: result: /usr/bin/install -c
configure:3813: checking whether ln -s works
configure:3817: result: yes
configure:3849: checking for a sed that does not truncate output
configure:3928: result: /usr/bin/sed
configure:3946: checking for grep that handles long lines and -e
configure:4020: result: /usr/bin/grep
configure:4025: checking for egrep
configure:4103: result: /usr/bin/grep -E
configure:4108: checking for fgrep
configure:4186: result: /usr/bin/grep -F
configure:4221: checking for ld used by /home/hya/workspace/emsdk/upstream/emscripten/emcc
emcc: error: no input files
configure:4288: result: /home/hya/workspace/emsdk/upstream/emscripten/emcc
configure:4297: checking if the linker (/home/hya/workspace/emsdk/upstream/emscripten/emcc) is GNU ld
configure:4312: result: yes
configure:4325: checking for BSD- or MS-compatible name lister (nm)
configure:4374: result: /home/hya/workspace/emsdk/upstream/bin/llvm-nm
configure:4496: checking the name lister (/home/hya/workspace/emsdk/upstream/bin/llvm-nm) interface
configure:4503: /home/hya/workspace/emsdk/upstream/emscripten/emcc -c -g -O2  conftest.c >&5
configure:4506: /home/hya/workspace/emsdk/upstream/bin/llvm-nm "conftest.o"
configure:4509: output
00000000 d .debug_abbrev
00000000 d .debug_line
00000000 d .debug_str
00000000 D some_variable
configure:4516: result: BSD nm
configure:4520: checking the maximum length of command line arguments
configure:4640: result: 1572864
configure:4658: checking whether the shell understands some XSI constructs
configure:4666: result: yes
configure:4670: checking whether the shell understands "+="
configure:4676: result: yes
configure:4711: checking for /home/hya/workspace/emsdk/upstream/emscripten/emcc option to reload object files
configure:4718: result: -r
configure:4745: checking how to recognize dependent libraries
configure:4935: result: pass_all
configure:4995: checking for ar
configure:5022: result: /home/hya/workspace/emsdk/upstream/emscripten/emar
configure:5104: checking for strip
configure:5120: found /usr/bin/strip
configure:5131: result: strip
configure:5207: checking for ranlib
configure:5234: result: /home/hya/workspace/emsdk/upstream/emscripten/emranlib
configure:5328: checking command to parse /home/hya/workspace/emsdk/upstream/bin/llvm-nm output from /home/hya/workspace/emsdk/upstream/emscripten/emcc object
configure:5446: /home/hya/workspace/emsdk/upstream/emscripten/emcc -c -g -O2  conftest.c >&5
configure:5449: $? = 0
configure:5453: /home/hya/workspace/emsdk/upstream/bin/llvm-nm conftest.o \| sed -n -e 's/^.*[	 ]\([BCDEGRST][BCDEGRST]*\)[	 ][	 ]*\([_A-Za-z][_A-Za-z0-9]*\)$/\1 \2 \2/p' \> conftest.nm
configure:5456: $? = 0
configure:5510: /home/hya/workspace/emsdk/upstream/emscripten/emcc -o conftest -g -O2   conftest.c conftstm.o >&5
configure:5513: $? = 0
configure:5551: result: ok
configure:5647: /home/hya/workspace/emsdk/upstream/emscripten/emcc -c -g -O2  conftest.c >&5
configure:5650: $? = 0
configure:6117: checking for ANSI C header files
configure:6147: /home/hya/workspace/emsdk/upstream/emscripten/emcc -c -g -O2  conftest.c >&5
configure:6153: $? = 0
configure:6252: /home/hya/workspace/emsdk/upstream/emscripten/emcc -o conftest -g -O2   conftest.c  >&5
configure:6255: $? = 0
configure:6261: ./conftest
configure:6264: $? = 0
configure:6281: result: yes
configure:6305: checking for sys/types.h
configure:6326: /home/hya/workspace/emsdk/upstream/emscripten/emcc -c -g -O2  conftest.c >&5
configure:6332: $? = 0
configure:6348: result: yes
configure:6305: checking for sys/stat.h
configure:6326: /home/hya/workspace/emsdk/upstream/emscripten/emcc -c -g -O2  conftest.c >&5
configure:6332: $? = 0
configure:6348: result: yes
configure:6305: checking for stdlib.h
configure:6326: /home/hya/workspace/emsdk/upstream/emscripten/emcc -c -g -O2  conftest.c >&5
configure:6332: $? = 0
configure:6348: result: yes
configure:6305: checking for string.h
configure:6326: /home/hya/workspace/emsdk/upstream/emscripten/emcc -c -g -O2  conftest.c >&5
configure:6332: $? = 0
configure:6348: result: yes
configure:6305: checking for memory.h
configure:6326: /home/hya/workspace/emsdk/upstream/emscripten/emcc -c -g -O2  conftest.c >&5
configure:6332: $? = 0
configure:6348: result: yes
configure:6305: checking for strings.h
configure:6326: /home/hya/workspace/emsdk/upstream/emscripten/emcc -c -g -O2  conftest.c >&5
configure:6332: $? = 0
configure:6348: result: yes
configure:6305: checking for inttypes.h
configure:6326: /home/hya/workspace/emsdk/upstream/emscripten/emcc -c -g -O2  conftest.c >&5
configure:6332: $? = 0
configure:6348: result: yes
configure:6305: checking for stdint.h
configure:6326: /home/hya/workspace/emsdk/upstream/emscripten/emcc -c -g -O2  conftest.c >&5
configure:6332: $? = 0
configure:6348: result: yes
configure:6305: checking for unistd.h
configure:6326: /home/hya/workspace/emsdk/upstream/emscripten/emcc -c -g -O2  conftest.c >&5
configure:6332: $? = 0
configure:6348: result: yes
configure:6364: checking for dlfcn.h
configure:6385: /home/hya/workspace/emsdk/upstream/emscripten/emcc -c -g -O2  conftest.c >&5
configure:6391: $? = 0
configure:6407: result: yes
configure:6591: checking for objdir
configure:6606: result: .libs
configure:6898: checking if /home/hya/workspace/emsdk/upstream/emscripten/emcc supports -fno-rtti -fno-exceptions
configure:6916: /home/hya/workspace/emsdk/upstream/emscripten/emcc -c -g -O2  -fno-rtti -fno-exceptions conftest.c >&5
configure:6920: $? = 0
configure:6933: result: yes
configure:6953: checking for /home/hya/workspace/emsdk/upstream/emscripten/emcc option to produce PIC
configure:7204: result: -fPIC -DPIC
configure:7216: checking if /home/hya/workspace/emsdk/upstream/emscripten/emcc PIC flag -fPIC -DPIC works
configure:7234: /home/hya/workspace/emsdk/upstream/emscripten/emcc -c -g -O2  -fPIC -DPIC -DPIC conftest.c >&5
configure:7238: $? = 0
configure:7251: result: yes
configure:7275: checking if /home/hya/workspace/emsdk/upstream/emscripten/emcc static flag -static works
configure:7303: result: yes
configure:7318: checking if /home/hya/workspace/emsdk/upstream/emscripten/emcc supports -c -o file.o
configure:7339: /home/hya/workspace/emsdk/upstream/emscripten/emcc -c -g -O2  -o out/conftest2.o conftest.c >&5
configure:7343: $? = 0
configure:7365: result: yes
configure:7373: checking if /home/hya/workspace/emsdk/upstream/emscripten/emcc supports -c -o file.o
configure:7420: result: yes
configure:7453: checking whether the /home/hya/workspace/emsdk/upstream/emscripten/emcc linker (/home/hya/workspace/emsdk/upstream/emscripten/emcc) supports shared libraries
configure:8503: result: yes
configure:8540: checking whether -lc should be explicitly linked in
configure:8545: /home/hya/workspace/emsdk/upstream/emscripten/emcc -c -g -O2  conftest.c >&5
configure:8548: $? = 0
configure:8563: /home/hya/workspace/emsdk/upstream/emscripten/emcc -shared conftest.o  -v -Wl,-soname -Wl,conftest -o conftest 2\>\&1 \| /usr/bin/grep  -lc  \>/dev/null 2\>\&1
configure:8566: $? = 1
configure:8578: result: yes
configure:8742: checking dynamic linker characteristics
configure:9180: /home/hya/workspace/emsdk/upstream/emscripten/emcc -o conftest -g -O2   -Wl,-rpath -Wl,/foo conftest.c  >&5
emcc: warning: ignoring unsupported linker flag: `-rpath` [-Wlinkflags]
configure:9186: $? = 0
configure:9416: result: GNU/Linux ld.so
configure:9518: checking how to hardcode library paths into programs
configure:9543: result: immediate
configure:10356: checking whether stripping libraries is possible
configure:10361: result: yes
configure:10396: checking if libtool supports shared libraries
configure:10398: result: yes
configure:10401: checking whether to build shared libraries
configure:10422: result: yes
configure:10425: checking whether to build static libraries
configure:10429: result: yes
configure:10465: checking for size_t
configure:10495: /home/hya/workspace/emsdk/upstream/emscripten/emcc -c -g -O2  conftest.c >&5
configure:10501: $? = 0
configure:10516: result: yes
configure:10528: checking for working volatile
configure:10557: /home/hya/workspace/emsdk/upstream/emscripten/emcc -c -g -O2  conftest.c >&5
configure:10563: $? = 0
configure:10578: result: yes
configure:10588: checking for inline
configure:10614: /home/hya/workspace/emsdk/upstream/emscripten/emcc -c -g -O2  conftest.c >&5
configure:10620: $? = 0
configure:10638: result: inline
configure:10658: checking whether char is unsigned
configure:10686: /home/hya/workspace/emsdk/upstream/emscripten/emcc -c -g -O2  conftest.c >&5
configure:10692: $? = 0
configure:10707: result: no
configure:10723: checking for extern inline
configure:10752: /home/hya/workspace/emsdk/upstream/emscripten/emcc -c -g -O2  conftest.c >&5
conftest.c:25:8: error: redefinition of a 'extern inline' function 'foo' is not supported in C99 mode
double foo (double x) { return x + 1.0 ; };
       ^
conftest.c:24:22: note: previous definition is here
extern inline double foo(double x) { return x + 1.0 ; } ;
                     ^
1 error generated.
emcc: error: '/home/hya/workspace/emsdk/upstream/bin/clang -target wasm32-unknown-emscripten -D__EMSCRIPTEN_major__=1 -D__EMSCRIPTEN_minor__=40 -D__EMSCRIPTEN_tiny__=1 -D_LIBCPP_ABI_VERSION=2 -Dunix -D__unix -D__unix__ -Werror=implicit-function-declaration -Xclang -nostdsysteminc -Xclang -isystem/home/hya/workspace/emsdk/upstream/emscripten/system/include/compat -Xclang -isystem/home/hya/workspace/emsdk/upstream/emscripten/system/include -Xclang -isystem/home/hya/workspace/emsdk/upstream/emscripten/system/include/libc -Xclang -isystem/home/hya/workspace/emsdk/upstream/emscripten/system/lib/libc/musl/arch/emscripten -Xclang -isystem/home/hya/workspace/emsdk/upstream/emscripten/system/local/include -Xclang -isystem/home/hya/workspace/emsdk/upstream/emscripten/system/include/SSE -Xclang -isystem/home/hya/workspace/emsdk/upstream/emscripten/system/lib/compiler-rt/include -Xclang -isystem/home/hya/workspace/emsdk/upstream/emscripten/system/lib/libunwind/include -Xclang -isystem/home/hya/workspace/emsdk/upstream/emscripten/cache/wasm/include -DEMSCRIPTEN -fignore-exceptions -c -g -O2 conftest.c -Xclang -isystem/home/hya/workspace/emsdk/upstream/emscripten/system/include/SDL -c -o conftest.o -mllvm -combiner-global-alias-analysis=false -mllvm -enable-emscripten-sjlj -mllvm -disable-lsr' failed (1)
configure:10758: $? = 1
configure: failed program was:
| /* confdefs.h.  */
| #define PACKAGE_NAME "gsl"
| #define PACKAGE_TARNAME "gsl"
| #define PACKAGE_VERSION "1.11"
| #define PACKAGE_STRING "gsl 1.11"
| #define PACKAGE_BUGREPORT ""
| #define PACKAGE "gsl"
| #define VERSION "1.11"
| #define RELEASED
| #define STDC_HEADERS 1
| #define HAVE_SYS_TYPES_H 1
| #define HAVE_SYS_STAT_H 1
| #define HAVE_STDLIB_H 1
| #define HAVE_STRING_H 1
| #define HAVE_MEMORY_H 1
| #define HAVE_STRINGS_H 1
| #define HAVE_INTTYPES_H 1
| #define HAVE_STDINT_H 1
| #define HAVE_UNISTD_H 1
| #define HAVE_DLFCN_H 1
| #define LT_OBJDIR ".libs/"
| /* end confdefs.h.  */
| extern inline double foo(double x);
| extern inline double foo(double x) { return x + 1.0 ; } ;
| double foo (double x) { return x + 1.0 ; };
| int
| main ()
| {
|   foo(1.0)
|   ;
|   return 0;
| }
configure:10774: result: no
configure:10800: checking ieeefp.h usability
configure:10817: /home/hya/workspace/emsdk/upstream/emscripten/emcc -c -g -O2  conftest.c >&5
conftest.c:56:10: fatal error: 'ieeefp.h' file not found
#include <ieeefp.h>
         ^~~~~~~~~~
1 error generated.
emcc: error: '/home/hya/workspace/emsdk/upstream/bin/clang -target wasm32-unknown-emscripten -D__EMSCRIPTEN_major__=1 -D__EMSCRIPTEN_minor__=40 -D__EMSCRIPTEN_tiny__=1 -D_LIBCPP_ABI_VERSION=2 -Dunix -D__unix -D__unix__ -Werror=implicit-function-declaration -Xclang -nostdsysteminc -Xclang -isystem/home/hya/workspace/emsdk/upstream/emscripten/system/include/compat -Xclang -isystem/home/hya/workspace/emsdk/upstream/emscripten/system/include -Xclang -isystem/home/hya/workspace/emsdk/upstream/emscripten/system/include/libc -Xclang -isystem/home/hya/workspace/emsdk/upstream/emscripten/system/lib/libc/musl/arch/emscripten -Xclang -isystem/home/hya/workspace/emsdk/upstream/emscripten/system/local/include -Xclang -isystem/home/hya/workspace/emsdk/upstream/emscripten/system/include/SSE -Xclang -isystem/home/hya/workspace/emsdk/upstream/emscripten/system/lib/compiler-rt/include -Xclang -isystem/home/hya/workspace/emsdk/upstream/emscripten/system/lib/libunwind/include -Xclang -isystem/home/hya/workspace/emsdk/upstream/emscripten/cache/wasm/include -DEMSCRIPTEN -fignore-exceptions -c -g -O2 conftest.c -Xclang -isystem/home/hya/workspace/emsdk/upstream/emscripten/system/include/SDL -c -o conftest.o -mllvm -combiner-global-alias-analysis=false -mllvm -enable-emscripten-sjlj -mllvm -disable-lsr' failed (1)
configure:10823: $? = 1
configure: failed program was:
| /* confdefs.h.  */
| #define PACKAGE_NAME "gsl"
| #define PACKAGE_TARNAME "gsl"
| #define PACKAGE_VERSION "1.11"
| #define PACKAGE_STRING "gsl 1.11"
| #define PACKAGE_BUGREPORT ""
| #define PACKAGE "gsl"
| #define VERSION "1.11"
| #define RELEASED
| #define STDC_HEADERS 1
| #define HAVE_SYS_TYPES_H 1
| #define HAVE_SYS_STAT_H 1
| #define HAVE_STDLIB_H 1
| #define HAVE_STRING_H 1
| #define HAVE_MEMORY_H 1
| #define HAVE_STRINGS_H 1
| #define HAVE_INTTYPES_H 1
| #define HAVE_STDINT_H 1
| #define HAVE_UNISTD_H 1
| #define HAVE_DLFCN_H 1
| #define LT_OBJDIR ".libs/"
| /* end confdefs.h.  */
| #include <stdio.h>
| #ifdef HAVE_SYS_TYPES_H
| # include <sys/types.h>
| #endif
| #ifdef HAVE_SYS_STAT_H
| # include <sys/stat.h>
| #endif
| #ifdef STDC_HEADERS
| # include <stdlib.h>
| # include <stddef.h>
| #else
| # ifdef HAVE_STDLIB_H
| #  include <stdlib.h>
| # endif
| #endif
| #ifdef HAVE_STRING_H
| # if !defined STDC_HEADERS && defined HAVE_MEMORY_H
| #  include <memory.h>
| # endif
| # include <string.h>
| #endif
| #ifdef HAVE_STRINGS_H
| # include <strings.h>
| #endif
| #ifdef HAVE_INTTYPES_H
| # include <inttypes.h>
| #endif
| #ifdef HAVE_STDINT_H
| # include <stdint.h>
| #endif
| #ifdef HAVE_UNISTD_H
| # include <unistd.h>
| #endif
| #include <ieeefp.h>
configure:10837: result: no
configure:10841: checking ieeefp.h presence
configure:10856: /home/hya/workspace/emsdk/upstream/emscripten/emcc -E  conftest.c
conftest.c:23:10: fatal error: 'ieeefp.h' file not found
#include <ieeefp.h>
         ^~~~~~~~~~
1 error generated.
configure:10862: $? = 1
configure: failed program was:
| /* confdefs.h.  */
| #define PACKAGE_NAME "gsl"
| #define PACKAGE_TARNAME "gsl"
| #define PACKAGE_VERSION "1.11"
| #define PACKAGE_STRING "gsl 1.11"
| #define PACKAGE_BUGREPORT ""
| #define PACKAGE "gsl"
| #define VERSION "1.11"
| #define RELEASED
| #define STDC_HEADERS 1
| #define HAVE_SYS_TYPES_H 1
| #define HAVE_SYS_STAT_H 1
| #define HAVE_STDLIB_H 1
| #define HAVE_STRING_H 1
| #define HAVE_MEMORY_H 1
| #define HAVE_STRINGS_H 1
| #define HAVE_INTTYPES_H 1
| #define HAVE_STDINT_H 1
| #define HAVE_UNISTD_H 1
| #define HAVE_DLFCN_H 1
| #define LT_OBJDIR ".libs/"
| /* end confdefs.h.  */
| #include <ieeefp.h>
configure:10876: result: no
configure:10904: checking for ieeefp.h
configure:10912: result: no
configure:10947: checking for vprintf
configure:11003: /home/hya/workspace/emsdk/upstream/emscripten/emcc -o conftest -g -O2   conftest.c  >&5
conftest.c:46:6: warning: incompatible redeclaration of library function 'vprintf' [-Wincompatible-library-redeclaration]
char vprintf ();
     ^
conftest.c:46:6: note: 'vprintf' is a builtin with type 'int (const char *, __builtin_va_list)'
1 warning generated.
wasm-ld: warning: function signature mismatch: vprintf
>>> defined as () -> i32 in /tmp/emscripten_temp__v2qe6tu/conftest_0.o
>>> defined as (i32, i32) -> i32 in /home/hya/workspace/emsdk/upstream/emscripten/cache/wasm/libc.a(vprintf.o)
configure:11009: $? = 0
configure:11027: result: yes
configure:11034: checking for _doprnt
configure:11090: /home/hya/workspace/emsdk/upstream/emscripten/emcc -o conftest -g -O2   conftest.c  >&5
error: undefined symbol: _doprnt (referenced by top-level compiled C/C++ code)
warning: Link with `-s LLD_REPORT_UNDEFINED` to get more information on undefined symbols
warning: To disable errors for undefined symbols use `-s ERROR_ON_UNDEFINED_SYMBOLS=0`
warning: __doprnt may need to be added to EXPORTED_FUNCTIONS if it arrives from a system library
Error: Aborting compilation due to previous errors
emcc: error: '/home/hya/workspace/emsdk/node/16.20.0_64bit/bin/node /home/hya/workspace/emsdk/upstream/emscripten/src/compiler.js /tmp/tmpjmd5jytt.txt' failed (1)
configure:11096: $? = 1
configure: failed program was:
| /* confdefs.h.  */
| #define PACKAGE_NAME "gsl"
| #define PACKAGE_TARNAME "gsl"
| #define PACKAGE_VERSION "1.11"
| #define PACKAGE_STRING "gsl 1.11"
| #define PACKAGE_BUGREPORT ""
| #define PACKAGE "gsl"
| #define VERSION "1.11"
| #define RELEASED
| #define STDC_HEADERS 1
| #define HAVE_SYS_TYPES_H 1
| #define HAVE_SYS_STAT_H 1
| #define HAVE_STDLIB_H 1
| #define HAVE_STRING_H 1
| #define HAVE_MEMORY_H 1
| #define HAVE_STRINGS_H 1
| #define HAVE_INTTYPES_H 1
| #define HAVE_STDINT_H 1
| #define HAVE_UNISTD_H 1
| #define HAVE_DLFCN_H 1
| #define LT_OBJDIR ".libs/"
| #define HAVE_VPRINTF 1
| /* end confdefs.h.  */
| /* Define _doprnt to an innocuous variant, in case <limits.h> declares _doprnt.
|    For example, HP-UX 11i <limits.h> declares gettimeofday.  */
| #define _doprnt innocuous__doprnt
| 
| /* System header to define __stub macros and hopefully few prototypes,
|     which can conflict with char _doprnt (); below.
|     Prefer <limits.h> to <assert.h> if __STDC__ is defined, since
|     <limits.h> exists even on freestanding compilers.  */
| 
| #ifdef __STDC__
| # include <limits.h>
| #else
| # include <assert.h>
| #endif
| 
| #undef _doprnt
| 
| /* Override any GCC internal prototype to avoid an error.
|    Use char because int might match the return type of a GCC
|    builtin and then its argument prototype would still apply.  */
| #ifdef __cplusplus
| extern "C"
| #endif
| char _doprnt ();
| /* The GNU C library defines this for functions which it implements
|     to always fail with ENOSYS.  Some functions are actually named
|     something starting with __ and the normal name is an alias.  */
| #if defined __stub__doprnt || defined __stub____doprnt
| choke me
| #endif
| 
| int
| main ()
| {
| return _doprnt ();
|   ;
|   return 0;
| }
configure:11113: result: no
configure:11136: checking for memcpy
configure:11192: /home/hya/workspace/emsdk/upstream/emscripten/emcc -o conftest -g -O2   conftest.c  >&5
conftest.c:47:6: warning: incompatible redeclaration of library function 'memcpy' [-Wincompatible-library-redeclaration]
char memcpy ();
     ^
conftest.c:47:6: note: 'memcpy' is a builtin with type 'void *(void *, const void *, unsigned long)'
1 warning generated.
wasm-ld: warning: function signature mismatch: memcpy
>>> defined as () -> i32 in /tmp/emscripten_temp_ow44ul02/conftest_0.o
>>> defined as (i32, i32, i32) -> i32 in /home/hya/workspace/emsdk/upstream/emscripten/cache/wasm/libc_rt_wasm.a(emscripten_memcpy.o)
configure:11198: $? = 0
configure:11216: result: yes
configure:11136: checking for memmove
configure:11192: /home/hya/workspace/emsdk/upstream/emscripten/emcc -o conftest -g -O2   conftest.c  >&5
conftest.c:48:6: warning: incompatible redeclaration of library function 'memmove' [-Wincompatible-library-redeclaration]
char memmove ();
     ^
conftest.c:48:6: note: 'memmove' is a builtin with type 'void *(void *, const void *, unsigned long)'
1 warning generated.
wasm-ld: warning: function signature mismatch: memmove
>>> defined as () -> i32 in /tmp/emscripten_temp_wwa0wgfv/conftest_0.o
>>> defined as (i32, i32, i32) -> i32 in /home/hya/workspace/emsdk/upstream/emscripten/cache/wasm/libc_rt_wasm.a(emscripten_memmove.o)
configure:11198: $? = 0
configure:11216: result: yes
configure:11136: checking for strdup
configure:11192: /home/hya/workspace/emsdk/upstream/emscripten/emcc -o conftest -g -O2   conftest.c  >&5
conftest.c:49:6: warning: incompatible redeclaration of library function 'strdup' [-Wincompatible-library-redeclaration]
char strdup ();
     ^
conftest.c:49:6: note: 'strdup' is a builtin with type 'char *(const char *)'
1 warning generated.
wasm-ld: warning: function signature mismatch: strdup
>>> defined as () -> i32 in /tmp/emscripten_temp_4q36tgpv/conftest_0.o
>>> defined as (i32) -> i32 in /home/hya/workspace/emsdk/upstream/emscripten/cache/wasm/libc.a(strdup.o)
configure:11198: $? = 0
configure:11216: result: yes
configure:11136: checking for strtol
configure:11192: /home/hya/workspace/emsdk/upstream/emscripten/emcc -o conftest -g -O2   conftest.c  >&5
conftest.c:50:6: warning: incompatible redeclaration of library function 'strtol' [-Wincompatible-library-redeclaration]
char strtol ();
     ^
conftest.c:50:6: note: 'strtol' is a builtin with type 'long (const char *, char **, int)'
1 warning generated.
wasm-ld: warning: function signature mismatch: strtol
>>> defined as () -> i32 in /tmp/emscripten_temp_lpbejk30/conftest_0.o
>>> defined as (i32, i32, i32) -> i32 in /home/hya/workspace/emsdk/upstream/emscripten/cache/wasm/libc.a(strtol.o)
configure:11198: $? = 0
configure:11216: result: yes
configure:11136: checking for strtoul
configure:11192: /home/hya/workspace/emsdk/upstream/emscripten/emcc -o conftest -g -O2   conftest.c  >&5
conftest.c:51:6: warning: incompatible redeclaration of library function 'strtoul' [-Wincompatible-library-redeclaration]
char strtoul ();
     ^
conftest.c:51:6: note: 'strtoul' is a builtin with type 'unsigned long (const char *, char **, int)'
1 warning generated.
wasm-ld: warning: function signature mismatch: strtoul
>>> defined as () -> i32 in /tmp/emscripten_temp_xd0_ibqj/conftest_0.o
>>> defined as (i32, i32, i32) -> i32 in /home/hya/workspace/emsdk/upstream/emscripten/cache/wasm/libc.a(strtol.o)
configure:11198: $? = 0
configure:11216: result: yes
configure:11235: checking for EXIT_SUCCESS and EXIT_FAILURE
configure:11263: result: yes
configure:11277: checking for cos in -lm
configure:11312: /home/hya/workspace/emsdk/upstream/emscripten/emcc -o conftest -g -O2   conftest.c -lm   >&5
conftest.c:37:6: warning: incompatible redeclaration of library function 'cos' [-Wincompatible-library-redeclaration]
char cos ();
     ^
conftest.c:37:6: note: 'cos' is a builtin with type 'double (double)'
1 warning generated.
wasm-ld: warning: function signature mismatch: cos
>>> defined as () -> i32 in /tmp/emscripten_temp_8kpl75xn/conftest_0.o
>>> defined as (f64) -> f64 in /home/hya/workspace/emsdk/upstream/emscripten/cache/wasm/libc-wasm.a(cos.o)
configure:11318: $? = 0
configure:11336: result: yes
configure:11349: checking whether feenableexcept is declared
configure:11380: /home/hya/workspace/emsdk/upstream/emscripten/emcc -c -g -O2  conftest.c >&5
conftest.c:38:10: error: use of undeclared identifier 'feenableexcept'
  (void) feenableexcept;
         ^
1 error generated.
emcc: error: '/home/hya/workspace/emsdk/upstream/bin/clang -target wasm32-unknown-emscripten -D__EMSCRIPTEN_major__=1 -D__EMSCRIPTEN_minor__=40 -D__EMSCRIPTEN_tiny__=1 -D_LIBCPP_ABI_VERSION=2 -Dunix -D__unix -D__unix__ -Werror=implicit-function-declaration -Xclang -nostdsysteminc -Xclang -isystem/home/hya/workspace/emsdk/upstream/emscripten/system/include/compat -Xclang -isystem/home/hya/workspace/emsdk/upstream/emscripten/system/include -Xclang -isystem/home/hya/workspace/emsdk/upstream/emscripten/system/include/libc -Xclang -isystem/home/hya/workspace/emsdk/upstream/emscripten/system/lib/libc/musl/arch/emscripten -Xclang -isystem/home/hya/workspace/emsdk/upstream/emscripten/system/local/include -Xclang -isystem/home/hya/workspace/emsdk/upstream/emscripten/system/include/SSE -Xclang -isystem/home/hya/workspace/emsdk/upstream/emscripten/system/lib/compiler-rt/include -Xclang -isystem/home/hya/workspace/emsdk/upstream/emscripten/system/lib/libunwind/include -Xclang -isystem/home/hya/workspace/emsdk/upstream/emscripten/cache/wasm/include -DEMSCRIPTEN -fignore-exceptions -c -g -O2 conftest.c -Xclang -isystem/home/hya/workspace/emsdk/upstream/emscripten/system/include/SDL -c -o conftest.o -mllvm -combiner-global-alias-analysis=false -mllvm -enable-emscripten-sjlj -mllvm -disable-lsr' failed (1)
configure:11386: $? = 1
configure: failed program was:
| /* confdefs.h.  */
| #define PACKAGE_NAME "gsl"
| #define PACKAGE_TARNAME "gsl"
| #define PACKAGE_VERSION "1.11"
| #define PACKAGE_STRING "gsl 1.11"
| #define PACKAGE_BUGREPORT ""
| #define PACKAGE "gsl"
| #define VERSION "1.11"
| #define RELEASED
| #define STDC_HEADERS 1
| #define HAVE_SYS_TYPES_H 1
| #define HAVE_SYS_STAT_H 1
| #define HAVE_STDLIB_H 1
| #define HAVE_STRING_H 1
| #define HAVE_MEMORY_H 1
| #define HAVE_STRINGS_H 1
| #define HAVE_INTTYPES_H 1
| #define HAVE_STDINT_H 1
| #define HAVE_UNISTD_H 1
| #define HAVE_DLFCN_H 1
| #define LT_OBJDIR ".libs/"
| #define HAVE_VPRINTF 1
| #define HAVE_MEMCPY 1
| #define HAVE_MEMMOVE 1
| #define HAVE_STRDUP 1
| #define HAVE_STRTOL 1
| #define HAVE_STRTOUL 1
| #define HAVE_EXIT_SUCCESS_AND_FAILURE 1
| #define HAVE_LIBM 1
| /* end confdefs.h.  */
| #define _GNU_SOURCE 1
| #include <fenv.h>
| 
| int
| main ()
| {
| #ifndef feenableexcept
|   (void) feenableexcept;
| #endif
| 
|   ;
|   return 0;
| }
configure:11401: result: no
configure:11419: checking whether fesettrapenable is declared
configure:11450: /home/hya/workspace/emsdk/upstream/emscripten/emcc -c -g -O2  conftest.c >&5
conftest.c:39:10: error: use of undeclared identifier 'fesettrapenable'
  (void) fesettrapenable;
         ^
1 error generated.
emcc: error: '/home/hya/workspace/emsdk/upstream/bin/clang -target wasm32-unknown-emscripten -D__EMSCRIPTEN_major__=1 -D__EMSCRIPTEN_minor__=40 -D__EMSCRIPTEN_tiny__=1 -D_LIBCPP_ABI_VERSION=2 -Dunix -D__unix -D__unix__ -Werror=implicit-function-declaration -Xclang -nostdsysteminc -Xclang -isystem/home/hya/workspace/emsdk/upstream/emscripten/system/include/compat -Xclang -isystem/home/hya/workspace/emsdk/upstream/emscripten/system/include -Xclang -isystem/home/hya/workspace/emsdk/upstream/emscripten/system/include/libc -Xclang -isystem/home/hya/workspace/emsdk/upstream/emscripten/system/lib/libc/musl/arch/emscripten -Xclang -isystem/home/hya/workspace/emsdk/upstream/emscripten/system/local/include -Xclang -isystem/home/hya/workspace/emsdk/upstream/emscripten/system/include/SSE -Xclang -isystem/home/hya/workspace/emsdk/upstream/emscripten/system/lib/compiler-rt/include -Xclang -isystem/home/hya/workspace/emsdk/upstream/emscripten/system/lib/libunwind/include -Xclang -isystem/home/hya/workspace/emsdk/upstream/emscripten/cache/wasm/include -DEMSCRIPTEN -fignore-exceptions -c -g -O2 conftest.c -Xclang -isystem/home/hya/workspace/emsdk/upstream/emscripten/system/include/SDL -c -o conftest.o -mllvm -combiner-global-alias-analysis=false -mllvm -enable-emscripten-sjlj -mllvm -disable-lsr' failed (1)
configure:11456: $? = 1
configure: failed program was:
| /* confdefs.h.  */
| #define PACKAGE_NAME "gsl"
| #define PACKAGE_TARNAME "gsl"
| #define PACKAGE_VERSION "1.11"
| #define PACKAGE_STRING "gsl 1.11"
| #define PACKAGE_BUGREPORT ""
| #define PACKAGE "gsl"
| #define VERSION "1.11"
| #define RELEASED
| #define STDC_HEADERS 1
| #define HAVE_SYS_TYPES_H 1
| #define HAVE_SYS_STAT_H 1
| #define HAVE_STDLIB_H 1
| #define HAVE_STRING_H 1
| #define HAVE_MEMORY_H 1
| #define HAVE_STRINGS_H 1
| #define HAVE_INTTYPES_H 1
| #define HAVE_STDINT_H 1
| #define HAVE_UNISTD_H 1
| #define HAVE_DLFCN_H 1
| #define LT_OBJDIR ".libs/"
| #define HAVE_VPRINTF 1
| #define HAVE_MEMCPY 1
| #define HAVE_MEMMOVE 1
| #define HAVE_STRDUP 1
| #define HAVE_STRTOL 1
| #define HAVE_STRTOUL 1
| #define HAVE_EXIT_SUCCESS_AND_FAILURE 1
| #define HAVE_LIBM 1
| #define HAVE_DECL_FEENABLEEXCEPT 0
| /* end confdefs.h.  */
| #define _GNU_SOURCE 1
| #include <fenv.h>
| 
| int
| main ()
| {
| #ifndef fesettrapenable
|   (void) fesettrapenable;
| #endif
| 
|   ;
|   return 0;
| }
configure:11471: result: no
configure:11489: checking whether hypot is declared
configure:11519: /home/hya/workspace/emsdk/upstream/emscripten/emcc -c -g -O2  conftest.c >&5
configure:11525: $? = 0
configure:11540: result: yes
configure:11558: checking whether expm1 is declared
configure:11588: /home/hya/workspace/emsdk/upstream/emscripten/emcc -c -g -O2  conftest.c >&5
configure:11594: $? = 0
configure:11609: result: yes
configure:11627: checking whether acosh is declared
configure:11657: /home/hya/workspace/emsdk/upstream/emscripten/emcc -c -g -O2  conftest.c >&5
configure:11663: $? = 0
configure:11678: result: yes
configure:11696: checking whether asinh is declared
configure:11726: /home/hya/workspace/emsdk/upstream/emscripten/emcc -c -g -O2  conftest.c >&5
configure:11732: $? = 0
configure:11747: result: yes
configure:11765: checking whether atanh is declared
configure:11795: /home/hya/workspace/emsdk/upstream/emscripten/emcc -c -g -O2  conftest.c >&5
configure:11801: $? = 0
configure:11816: result: yes
configure:11834: checking whether ldexp is declared
configure:11864: /home/hya/workspace/emsdk/upstream/emscripten/emcc -c -g -O2  conftest.c >&5
configure:11870: $? = 0
configure:11885: result: yes
configure:11903: checking whether frexp is declared
configure:11933: /home/hya/workspace/emsdk/upstream/emscripten/emcc -c -g -O2  conftest.c >&5
configure:11939: $? = 0
configure:11954: result: yes
configure:11972: checking whether isinf is declared
configure:12002: /home/hya/workspace/emsdk/upstream/emscripten/emcc -c -g -O2  conftest.c >&5
configure:12008: $? = 0
configure:12023: result: yes
configure:12041: checking whether isfinite is declared
configure:12071: /home/hya/workspace/emsdk/upstream/emscripten/emcc -c -g -O2  conftest.c >&5
configure:12077: $? = 0
configure:12092: result: yes
configure:12110: checking whether finite is declared
configure:12143: /home/hya/workspace/emsdk/upstream/emscripten/emcc -c -g -O2  conftest.c >&5
configure:12149: $? = 0
configure:12164: result: yes
configure:12182: checking whether isnan is declared
configure:12212: /home/hya/workspace/emsdk/upstream/emscripten/emcc -c -g -O2  conftest.c >&5
configure:12218: $? = 0
configure:12233: result: yes
configure:12258: checking whether log1p is declared
configure:12288: /home/hya/workspace/emsdk/upstream/emscripten/emcc -c -g -O2  conftest.c >&5
configure:12294: $? = 0
configure:12309: result: yes
configure:12330: checking for long double stdio
configure:12361: /home/hya/workspace/emsdk/upstream/emscripten/emcc -o conftest -g -O2   conftest.c -lm  >&5
configure:12364: $? = 0
configure:12370: ./conftest
1.234
configure:12373: $? = 0
configure:12389: result: yes
configure:12400: checking for extended floating point registers
configure:12433: result: yes
configure:12444: checking for IEEE arithmetic interface type
configure:12507: result: gnux86
configure:12511: checking for FPU_SETCW
configure:12543: /home/hya/workspace/emsdk/upstream/emscripten/emcc -c -g -O2  conftest.c >&5
conftest.c:47:10: fatal error: 'fpu_control.h' file not found
#include <fpu_control.h>
         ^~~~~~~~~~~~~~~
1 error generated.
emcc: error: '/home/hya/workspace/emsdk/upstream/bin/clang -target wasm32-unknown-emscripten -D__EMSCRIPTEN_major__=1 -D__EMSCRIPTEN_minor__=40 -D__EMSCRIPTEN_tiny__=1 -D_LIBCPP_ABI_VERSION=2 -Dunix -D__unix -D__unix__ -Werror=implicit-function-declaration -Xclang -nostdsysteminc -Xclang -isystem/home/hya/workspace/emsdk/upstream/emscripten/system/include/compat -Xclang -isystem/home/hya/workspace/emsdk/upstream/emscripten/system/include -Xclang -isystem/home/hya/workspace/emsdk/upstream/emscripten/system/include/libc -Xclang -isystem/home/hya/workspace/emsdk/upstream/emscripten/system/lib/libc/musl/arch/emscripten -Xclang -isystem/home/hya/workspace/emsdk/upstream/emscripten/system/local/include -Xclang -isystem/home/hya/workspace/emsdk/upstream/emscripten/system/include/SSE -Xclang -isystem/home/hya/workspace/emsdk/upstream/emscripten/system/lib/compiler-rt/include -Xclang -isystem/home/hya/workspace/emsdk/upstream/emscripten/system/lib/libunwind/include -Xclang -isystem/home/hya/workspace/emsdk/upstream/emscripten/cache/wasm/include -DEMSCRIPTEN -fignore-exceptions -c -g -O2 conftest.c -Xclang -isystem/home/hya/workspace/emsdk/upstream/emscripten/system/include/SDL -c -o conftest.o -mllvm -combiner-global-alias-analysis=false -mllvm -enable-emscripten-sjlj -mllvm -disable-lsr' failed (1)
configure:12549: $? = 1
configure: failed program was:
| /* confdefs.h.  */
| #define PACKAGE_NAME "gsl"
| #define PACKAGE_TARNAME "gsl"
| #define PACKAGE_VERSION "1.11"
| #define PACKAGE_STRING "gsl 1.11"
| #define PACKAGE_BUGREPORT ""
| #define PACKAGE "gsl"
| #define VERSION "1.11"
| #define RELEASED
| #define STDC_HEADERS 1
| #define HAVE_SYS_TYPES_H 1
| #define HAVE_SYS_STAT_H 1
| #define HAVE_STDLIB_H 1
| #define HAVE_STRING_H 1
| #define HAVE_MEMORY_H 1
| #define HAVE_STRINGS_H 1
| #define HAVE_INTTYPES_H 1
| #define HAVE_STDINT_H 1
| #define HAVE_UNISTD_H 1
| #define HAVE_DLFCN_H 1
| #define LT_OBJDIR ".libs/"
| #define HAVE_VPRINTF 1
| #define HAVE_MEMCPY 1
| #define HAVE_MEMMOVE 1
| #define HAVE_STRDUP 1
| #define HAVE_STRTOL 1
| #define HAVE_STRTOUL 1
| #define HAVE_EXIT_SUCCESS_AND_FAILURE 1
| #define HAVE_LIBM 1
| #define HAVE_DECL_FEENABLEEXCEPT 0
| #define HAVE_DECL_FESETTRAPENABLE 0
| #define HAVE_DECL_HYPOT 1
| #define HAVE_DECL_EXPM1 1
| #define HAVE_DECL_ACOSH 1
| #define HAVE_DECL_ASINH 1
| #define HAVE_DECL_ATANH 1
| #define HAVE_DECL_LDEXP 1
| #define HAVE_DECL_FREXP 1
| #define HAVE_DECL_ISINF 1
| #define HAVE_DECL_ISFINITE 1
| #define HAVE_DECL_FINITE 1
| #define HAVE_DECL_ISNAN 1
| #define HAVE_DECL_LOG1P 1
| #define HAVE_PRINTF_LONGDOUBLE 1
| #define HAVE_EXTENDED_PRECISION_REGISTERS 1
| /* end confdefs.h.  */
| #include <fpu_control.h>
| #ifndef _FPU_SETCW
| #include <i386/fpu_control.h>
| #define _FPU_SETCW(cw) __setfpucw(cw)
| #endif
| 
| int
| main ()
| {
|  unsigned short mode = 0 ; _FPU_SETCW(mode);
|   ;
|   return 0;
| }
configure:12565: result: no
configure:12672: checking for IEEE compiler flags
configure:12735: result: none
configure:12744: checking for IEEE comparisons
configure:12775: /home/hya/workspace/emsdk/upstream/emscripten/emcc -o conftest -g -O2   conftest.c -lm  >&5
conftest.c:56:4: error: implicitly declaring library function 'exit' with type 'void (int) __attribute__((noreturn))' [-Werror,-Wimplicit-function-declaration]
   exit (status);
   ^
conftest.c:56:4: note: include the header <stdlib.h> or explicitly provide a declaration for 'exit'
1 error generated.
emcc: error: '/home/hya/workspace/emsdk/upstream/bin/clang -target wasm32-unknown-emscripten -D__EMSCRIPTEN_major__=1 -D__EMSCRIPTEN_minor__=40 -D__EMSCRIPTEN_tiny__=1 -D_LIBCPP_ABI_VERSION=2 -Dunix -D__unix -D__unix__ -Werror=implicit-function-declaration -Xclang -nostdsysteminc -Xclang -isystem/home/hya/workspace/emsdk/upstream/emscripten/system/include/compat -Xclang -isystem/home/hya/workspace/emsdk/upstream/emscripten/system/include -Xclang -isystem/home/hya/workspace/emsdk/upstream/emscripten/system/include/libc -Xclang -isystem/home/hya/workspace/emsdk/upstream/emscripten/system/lib/libc/musl/arch/emscripten -Xclang -isystem/home/hya/workspace/emsdk/upstream/emscripten/system/local/include -Xclang -isystem/home/hya/workspace/emsdk/upstream/emscripten/system/include/SSE -Xclang -isystem/home/hya/workspace/emsdk/upstream/emscripten/system/lib/compiler-rt/include -Xclang -isystem/home/hya/workspace/emsdk/upstream/emscripten/system/lib/libunwind/include -Xclang -isystem/home/hya/workspace/emsdk/upstream/emscripten/cache/wasm/include -DEMSCRIPTEN -fignore-exceptions -g -O2 conftest.c -Xclang -isystem/home/hya/workspace/emsdk/upstream/emscripten/system/include/SDL -c -o /tmp/emscripten_temp_hxy3v3h3/conftest_0.o -mllvm -combiner-global-alias-analysis=false -mllvm -enable-emscripten-sjlj -mllvm -disable-lsr' failed (1)
configure:12778: $? = 1
configure: program exited with status 1
configure: failed program was:
| /* confdefs.h.  */
| #define PACKAGE_NAME "gsl"
| #define PACKAGE_TARNAME "gsl"
| #define PACKAGE_VERSION "1.11"
| #define PACKAGE_STRING "gsl 1.11"
| #define PACKAGE_BUGREPORT ""
| #define PACKAGE "gsl"
| #define VERSION "1.11"
| #define RELEASED
| #define STDC_HEADERS 1
| #define HAVE_SYS_TYPES_H 1
| #define HAVE_SYS_STAT_H 1
| #define HAVE_STDLIB_H 1
| #define HAVE_STRING_H 1
| #define HAVE_MEMORY_H 1
| #define HAVE_STRINGS_H 1
| #define HAVE_INTTYPES_H 1
| #define HAVE_STDINT_H 1
| #define HAVE_UNISTD_H 1
| #define HAVE_DLFCN_H 1
| #define LT_OBJDIR ".libs/"
| #define HAVE_VPRINTF 1
| #define HAVE_MEMCPY 1
| #define HAVE_MEMMOVE 1
| #define HAVE_STRDUP 1
| #define HAVE_STRTOL 1
| #define HAVE_STRTOUL 1
| #define HAVE_EXIT_SUCCESS_AND_FAILURE 1
| #define HAVE_LIBM 1
| #define HAVE_DECL_FEENABLEEXCEPT 0
| #define HAVE_DECL_FESETTRAPENABLE 0
| #define HAVE_DECL_HYPOT 1
| #define HAVE_DECL_EXPM1 1
| #define HAVE_DECL_ACOSH 1
| #define HAVE_DECL_ASINH 1
| #define HAVE_DECL_ATANH 1
| #define HAVE_DECL_LDEXP 1
| #define HAVE_DECL_FREXP 1
| #define HAVE_DECL_ISINF 1
| #define HAVE_DECL_ISFINITE 1
| #define HAVE_DECL_FINITE 1
| #define HAVE_DECL_ISNAN 1
| #define HAVE_DECL_LOG1P 1
| #define HAVE_PRINTF_LONGDOUBLE 1
| #define HAVE_EXTENDED_PRECISION_REGISTERS 1
| #define HAVE_UNKNOWN_IEEE_INTERFACE 1
| /* end confdefs.h.  */
| 
| #include <math.h>
| int main (void)
| {
|    int status; double inf, nan;
|    inf = exp(1.0e10);
|    nan = inf / inf ;
|    status = (nan == nan);
|    exit (status);
| }
configure:12804: result: no
configure:12815: checking for IEEE denormalized values
configure:12847: /home/hya/workspace/emsdk/upstream/emscripten/emcc -o conftest -g -O2   conftest.c -lm  >&5
conftest.c:57:4: error: implicitly declaring library function 'exit' with type 'void (int) __attribute__((noreturn))' [-Werror,-Wimplicit-function-declaration]
   exit (status);
   ^
conftest.c:57:4: note: include the header <stdlib.h> or explicitly provide a declaration for 'exit'
1 error generated.
emcc: error: '/home/hya/workspace/emsdk/upstream/bin/clang -target wasm32-unknown-emscripten -D__EMSCRIPTEN_major__=1 -D__EMSCRIPTEN_minor__=40 -D__EMSCRIPTEN_tiny__=1 -D_LIBCPP_ABI_VERSION=2 -Dunix -D__unix -D__unix__ -Werror=implicit-function-declaration -Xclang -nostdsysteminc -Xclang -isystem/home/hya/workspace/emsdk/upstream/emscripten/system/include/compat -Xclang -isystem/home/hya/workspace/emsdk/upstream/emscripten/system/include -Xclang -isystem/home/hya/workspace/emsdk/upstream/emscripten/system/include/libc -Xclang -isystem/home/hya/workspace/emsdk/upstream/emscripten/system/lib/libc/musl/arch/emscripten -Xclang -isystem/home/hya/workspace/emsdk/upstream/emscripten/system/local/include -Xclang -isystem/home/hya/workspace/emsdk/upstream/emscripten/system/include/SSE -Xclang -isystem/home/hya/workspace/emsdk/upstream/emscripten/system/lib/compiler-rt/include -Xclang -isystem/home/hya/workspace/emsdk/upstream/emscripten/system/lib/libunwind/include -Xclang -isystem/home/hya/workspace/emsdk/upstream/emscripten/cache/wasm/include -DEMSCRIPTEN -fignore-exceptions -g -O2 conftest.c -Xclang -isystem/home/hya/workspace/emsdk/upstream/emscripten/system/include/SDL -c -o /tmp/emscripten_temp_ww89jpdm/conftest_0.o -mllvm -combiner-global-alias-analysis=false -mllvm -enable-emscripten-sjlj -mllvm -disable-lsr' failed (1)
configure:12850: $? = 1
configure: program exited with status 1
configure: failed program was:
| /* confdefs.h.  */
| #define PACKAGE_NAME "gsl"
| #define PACKAGE_TARNAME "gsl"
| #define PACKAGE_VERSION "1.11"
| #define PACKAGE_STRING "gsl 1.11"
| #define PACKAGE_BUGREPORT ""
| #define PACKAGE "gsl"
| #define VERSION "1.11"
| #define RELEASED
| #define STDC_HEADERS 1
| #define HAVE_SYS_TYPES_H 1
| #define HAVE_SYS_STAT_H 1
| #define HAVE_STDLIB_H 1
| #define HAVE_STRING_H 1
| #define HAVE_MEMORY_H 1
| #define HAVE_STRINGS_H 1
| #define HAVE_INTTYPES_H 1
| #define HAVE_STDINT_H 1
| #define HAVE_UNISTD_H 1
| #define HAVE_DLFCN_H 1
| #define LT_OBJDIR ".libs/"
| #define HAVE_VPRINTF 1
| #define HAVE_MEMCPY 1
| #define HAVE_MEMMOVE 1
| #define HAVE_STRDUP 1
| #define HAVE_STRTOL 1
| #define HAVE_STRTOUL 1
| #define HAVE_EXIT_SUCCESS_AND_FAILURE 1
| #define HAVE_LIBM 1
| #define HAVE_DECL_FEENABLEEXCEPT 0
| #define HAVE_DECL_FESETTRAPENABLE 0
| #define HAVE_DECL_HYPOT 1
| #define HAVE_DECL_EXPM1 1
| #define HAVE_DECL_ACOSH 1
| #define HAVE_DECL_ASINH 1
| #define HAVE_DECL_ATANH 1
| #define HAVE_DECL_LDEXP 1
| #define HAVE_DECL_FREXP 1
| #define HAVE_DECL_ISINF 1
| #define HAVE_DECL_ISFINITE 1
| #define HAVE_DECL_FINITE 1
| #define HAVE_DECL_ISNAN 1
| #define HAVE_DECL_LOG1P 1
| #define HAVE_PRINTF_LONGDOUBLE 1
| #define HAVE_EXTENDED_PRECISION_REGISTERS 1
| #define HAVE_UNKNOWN_IEEE_INTERFACE 1
| /* end confdefs.h.  */
| 
| #include <math.h>
| int main (void)
| {
|    int i, status;
|    volatile double z = 1e-308;
|    for (i = 0; i < 5; i++) { z = z / 10.0 ; };
|    for (i = 0; i < 5; i++) { z = z * 10.0 ; };
|    status = (z == 0.0);
|    exit (status);
| }
configure:12876: result: no
configure:13019: creating ./config.status

## ---------------------- ##
## Running config.status. ##
## ---------------------- ##

This file was extended by gsl config.status 1.11, which was
generated by GNU Autoconf 2.61.  Invocation command line was

  CONFIG_FILES    = 
  CONFIG_HEADERS  = 
  CONFIG_LINKS    = 
  CONFIG_COMMANDS = 
  $ ./config.status 

on hya

config.status:903: creating gsl-config
config.status:903: creating gsl.pc
config.status:903: creating gsl_version.h
config.status:903: creating gsl.spec
config.status:903: creating config.h
config.status:1157: config.h is unchanged

## ---------------- ##
## Cache variables. ##
## ---------------- ##

ac_cv_build=x86_64-pc-linux-gnu
ac_cv_c_char_unsigned=no
ac_cv_c_compiler_gnu=yes
ac_cv_c_extended_fp=yes
ac_cv_c_extern_inline=no
ac_cv_c_fpu_setcw=no
ac_cv_c_ieee_comparisons=no
ac_cv_c_ieee_denormals=no
ac_cv_c_ieee_flags=none
ac_cv_c_ieee_interface=unknown
ac_cv_c_inline=inline
ac_cv_c_volatile=yes
ac_cv_decl_exit_success_and_failure=yes
ac_cv_env_CC_set=set
ac_cv_env_CC_value=/home/hya/workspace/emsdk/upstream/emscripten/emcc
ac_cv_env_CFLAGS_set=
ac_cv_env_CFLAGS_value=
ac_cv_env_CPPFLAGS_set=
ac_cv_env_CPPFLAGS_value=
ac_cv_env_CPP_set=
ac_cv_env_CPP_value=
ac_cv_env_LDFLAGS_set=
ac_cv_env_LDFLAGS_value=
ac_cv_env_LIBS_set=
ac_cv_env_LIBS_value=
ac_cv_env_build_alias_set=
ac_cv_env_build_alias_value=
ac_cv_env_host_alias_set=
ac_cv_env_host_alias_value=
ac_cv_env_target_alias_set=
ac_cv_env_target_alias_value=
ac_cv_func__doprnt=no
ac_cv_func_memcpy=yes
ac_cv_func_memmove=yes
ac_cv_func_printf_longdouble=yes
ac_cv_func_strdup=yes
ac_cv_func_strtol=yes
ac_cv_func_strtoul=yes
ac_cv_func_vprintf=yes
ac_cv_have_decl_acosh=yes
ac_cv_have_decl_asinh=yes
ac_cv_have_decl_atanh=yes
ac_cv_have_decl_expm1=yes
ac_cv_have_decl_feenableexcept=no
ac_cv_have_decl_fesettrapenable=no
ac_cv_have_decl_finite=yes
ac_cv_have_decl_frexp=yes
ac_cv_have_decl_hypot=yes
ac_cv_have_decl_isfinite=yes
ac_cv_have_decl_isinf=yes
ac_cv_have_decl_isnan=yes
ac_cv_have_decl_ldexp=yes
ac_cv_have_decl_log1p=yes
ac_cv_header_dlfcn_h=yes
ac_cv_header_ieeefp_h=no
ac_cv_header_inttypes_h=yes
ac_cv_header_memory_h=yes
ac_cv_header_stdc=yes
ac_cv_header_stdint_h=yes
ac_cv_header_stdlib_h=yes
ac_cv_header_string_h=yes
ac_cv_header_strings_h=yes
ac_cv_header_sys_stat_h=yes
ac_cv_header_sys_types_h=yes
ac_cv_header_unistd_h=yes
ac_cv_host=x86_64-pc-linux-gnu
ac_cv_lib_m_cos=yes
ac_cv_objext=o
ac_cv_path_EGREP='/usr/bin/grep -E'
ac_cv_path_FGREP='/usr/bin/grep -F'
ac_cv_path_GREP=/usr/bin/grep
ac_cv_path_SED=/usr/bin/sed
ac_cv_path_install='/usr/bin/install -c'
ac_cv_path_mkdir=/usr/bin/mkdir
ac_cv_prog_AWK=mawk
ac_cv_prog_CPP='/home/hya/workspace/emsdk/upstream/emscripten/emcc -E'
ac_cv_prog_ac_ct_AR=/home/hya/workspace/emsdk/upstream/emscripten/emar
ac_cv_prog_ac_ct_CC=/home/hya/workspace/emsdk/upstream/emscripten/emcc
ac_cv_prog_ac_ct_RANLIB=/home/hya/workspace/emsdk/upstream/emscripten/emranlib
ac_cv_prog_ac_ct_STRIP=strip
ac_cv_prog_cc_c89=
ac_cv_prog_cc_g=yes
ac_cv_prog_make_make_set=yes
ac_cv_type_size_t=yes
lt_cv_deplibs_check_method=pass_all
lt_cv_file_magic_cmd='$MAGIC_CMD'
lt_cv_file_magic_test_file=
lt_cv_ld_reload_flag=-r
lt_cv_nm_interface='BSD nm'
lt_cv_objdir=.libs
lt_cv_path_LD=/home/hya/workspace/emsdk/upstream/emscripten/emcc
lt_cv_path_NM=/home/hya/workspace/emsdk/upstream/bin/llvm-nm
lt_cv_prog_compiler_c_o=yes
lt_cv_prog_compiler_pic_works=yes
lt_cv_prog_compiler_rtti_exceptions=yes
lt_cv_prog_compiler_static_works=yes
lt_cv_prog_gnu_ld=yes
lt_cv_sys_global_symbol_pipe='sed -n -e '\''s/^.*[	 ]\([BCDEGRST][BCDEGRST]*\)[	 ][	 ]*\([_A-Za-z][_A-Za-z0-9]*\)$/\1 \2 \2/p'\'''
lt_cv_sys_global_symbol_to_c_name_address='sed -n -e '\''s/^: \([^ ]*\) $/  {\"\1\", (void *) 0},/p'\'' -e '\''s/^[BCDEGRST]* \([^ ]*\) \([^ ]*\)$/  {"\2", (void *) \&\2},/p'\'''
lt_cv_sys_global_symbol_to_c_name_address_lib_prefix='sed -n -e '\''s/^: \([^ ]*\) $/  {\"\1\", (void *) 0},/p'\'' -e '\''s/^[BCDEGRST]* \([^ ]*\) \(lib[^ ]*\)$/  {"\2", (void *) \&\2},/p'\'' -e '\''s/^[BCDEGRST]* \([^ ]*\) \([^ ]*\)$/  {"lib\2", (void *) \&\2},/p'\'''
lt_cv_sys_global_symbol_to_cdecl='sed -n -e '\''s/^T .* \(.*\)$/extern int \1();/p'\'' -e '\''s/^[BCDEGRST]* .* \(.*\)$/extern char \1;/p'\'''
lt_cv_sys_max_cmd_len=1572864

## ----------------- ##
## Output variables. ##
## ----------------- ##

ACLOCAL='${SHELL} /home/hya/workspace/QUARCS_stellarium-web-engine/ext_src/gsl-an/missing --run aclocal-1.10'
AMTAR='${SHELL} /home/hya/workspace/QUARCS_stellarium-web-engine/ext_src/gsl-an/missing --run tar'
AR='/home/hya/workspace/emsdk/upstream/emscripten/emar'
AUTOCONF='${SHELL} /home/hya/workspace/QUARCS_stellarium-web-engine/ext_src/gsl-an/missing --run autoconf'
AUTOHEADER='${SHELL} /home/hya/workspace/QUARCS_stellarium-web-engine/ext_src/gsl-an/missing --run autoheader'
AUTOMAKE='${SHELL} /home/hya/workspace/QUARCS_stellarium-web-engine/ext_src/gsl-an/missing --run automake-1.10'
AWK='mawk'
CC='/home/hya/workspace/emsdk/upstream/emscripten/emcc'
CFLAGS='-g -O2'
CPP='/home/hya/workspace/emsdk/upstream/emscripten/emcc -E'
CPPFLAGS=''
CYGPATH_W='echo'
DEFS='-DHAVE_CONFIG_H'
DSYMUTIL=''
DUMPBIN=''
ECHO_C=''
ECHO_N='-n'
ECHO_T=''
EGREP='/usr/bin/grep -E'
EXEEXT=''
FGREP='/usr/bin/grep -F'
GREP='/usr/bin/grep'
GSL_CFLAGS='-I${prefix}/include'
GSL_LIBS='-L${exec_prefix}/lib -lgsl'
GSL_LT_CBLAS_VERSION='0:0:0'
GSL_LT_VERSION='12:0:12'
HAVE_AIX_IEEE_INTERFACE=''
HAVE_DARWIN86_IEEE_INTERFACE=''
HAVE_DARWIN_IEEE_INTERFACE=''
HAVE_FREEBSD_IEEE_INTERFACE=''
HAVE_GNUM68K_IEEE_INTERFACE=''
HAVE_GNUPPC_IEEE_INTERFACE=''
HAVE_GNUSPARC_IEEE_INTERFACE=''
HAVE_GNUX86_IEEE_INTERFACE=''
HAVE_HPUX11_IEEE_INTERFACE=''
HAVE_HPUX_IEEE_INTERFACE=''
HAVE_IRIX_IEEE_INTERFACE=''
HAVE_NETBSD_IEEE_INTERFACE=''
HAVE_OPENBSD_IEEE_INTERFACE=''
HAVE_OS2EMX_IEEE_INTERFACE=''
HAVE_SOLARIS_IEEE_INTERFACE=''
HAVE_SUNOS4_IEEE_INTERFACE=''
HAVE_TRU64_IEEE_INTERFACE=''
INSTALL_DATA='${INSTALL} -m 644'
INSTALL_PROGRAM='${INSTALL}'
INSTALL_SCRIPT='${INSTALL}'
INSTALL_STRIP_PROGRAM='$(install_sh) -c -s'
LD='/home/hya/workspace/emsdk/upstream/emscripten/emcc'
LDFLAGS=''
LIBOBJS=''
LIBS='-lm '
LIBTOOL='$(SHELL) $(top_builddir)/libtool'
LN_S='ln -s'
LTLIBOBJS=''
MAINT='#'
MAINTAINER_MODE_FALSE=''
MAINTAINER_MODE_TRUE='#'
MAKEINFO='${SHELL} /home/hya/workspace/QUARCS_stellarium-web-engine/ext_src/gsl-an/missing --run makeinfo'
MINGW32_HOST_FALSE=''
MINGW32_HOST_TRUE='#'
NM='/home/hya/workspace/emsdk/upstream/bin/llvm-nm'
NMEDIT=''
OBJEXT='o'
PACKAGE='gsl'
PACKAGE_BUGREPORT=''
PACKAGE_NAME='gsl'
PACKAGE_STRING='gsl 1.11'
PACKAGE_TARNAME='gsl'
PACKAGE_VERSION='1.11'
PATH_SEPARATOR=':'
RANLIB='/home/hya/workspace/emsdk/upstream/emscripten/emranlib'
SED='/usr/bin/sed'
SET_MAKE=''
SHELL='/bin/bash'
STRIP='strip'
VERSION='1.11'
ac_ct_CC='/home/hya/workspace/emsdk/upstream/emscripten/emcc'
ac_ct_DUMPBIN=''
am__isrc=''
am__leading_dot='.'
am__tar='${AMTAR} chof - "$$tardir"'
am__untar='${AMTAR} xf -'
bindir='${exec_prefix}/bin'
build='x86_64-pc-linux-gnu'
build_alias=''
build_cpu='x86_64'
build_os='linux-gnu'
build_vendor='pc'
datadir='${datarootdir}'
datarootdir='${prefix}/share'
docdir='${datarootdir}/doc/${PACKAGE_TARNAME}'
dvidir='${docdir}'
exec_prefix='${prefix}'
host='x86_64-pc-linux-gnu'
host_alias=''
host_cpu='x86_64'
host_os='linux-gnu'
host_vendor='pc'
htmldir='${docdir}'
includedir='${prefix}/include'
infodir='${datarootdir}/info'
install_sh='$(SHELL) /home/hya/workspace/QUARCS_stellarium-web-engine/ext_src/gsl-an/install-sh'
libdir='${exec_prefix}/lib'
libexecdir='${exec_prefix}/libexec'
localedir='${datarootdir}/locale'
localstatedir='${prefix}/var'
lt_ECHO='echo'
mandir='${datarootdir}/man'
mkdir_p='/usr/bin/mkdir -p'
oldincludedir='/usr/include'
pdfdir='${docdir}'
prefix='/usr/local'
program_transform_name='s,x,x,'
psdir='${docdir}'
sbindir='${exec_prefix}/sbin'
sharedstatedir='${prefix}/com'
sysconfdir='${prefix}/etc'
target_alias=''

## ----------- ##
## confdefs.h. ##
## ----------- ##

#define PACKAGE_NAME "gsl"
#define PACKAGE_TARNAME "gsl"
#define PACKAGE_VERSION "1.11"
#define PACKAGE_STRING "gsl 1.11"
#define PACKAGE_BUGREPORT ""
#define PACKAGE "gsl"
#define VERSION "1.11"
#define RELEASED
#define STDC_HEADERS 1
#define HAVE_SYS_TYPES_H 1
#define HAVE_SYS_STAT_H 1
#define HAVE_STDLIB_H 1
#define HAVE_STRING_H 1
#define HAVE_MEMORY_H 1
#define HAVE_STRINGS_H 1
#define HAVE_INTTYPES_H 1
#define HAVE_STDINT_H 1
#define HAVE_UNISTD_H 1
#define HAVE_DLFCN_H 1
#define LT_OBJDIR ".libs/"
#define HAVE_VPRINTF 1
#define HAVE_MEMCPY 1
#define HAVE_MEMMOVE 1
#define HAVE_STRDUP 1
#define HAVE_STRTOL 1
#define HAVE_STRTOUL 1
#define HAVE_EXIT_SUCCESS_AND_FAILURE 1
#define HAVE_LIBM 1
#define HAVE_DECL_FEENABLEEXCEPT 0
#define HAVE_DECL_FESETTRAPENABLE 0
#define HAVE_DECL_HYPOT 1
#define HAVE_DECL_EXPM1 1
#define HAVE_DECL_ACOSH 1
#define HAVE_DECL_ASINH 1
#define HAVE_DECL_ATANH 1
#define HAVE_DECL_LDEXP 1
#define HAVE_DECL_FREXP 1
#define HAVE_DECL_ISINF 1
#define HAVE_DECL_ISFINITE 1
#define HAVE_DECL_FINITE 1
#define HAVE_DECL_ISNAN 1
#define HAVE_DECL_LOG1P 1
#define HAVE_PRINTF_LONGDOUBLE 1
#define HAVE_EXTENDED_PRECISION_REGISTERS 1
#define HAVE_UNKNOWN_IEEE_INTERFACE 1

configure: exit 0
